<?xml version="1.0" encoding="UTF-8"?>
<!-- Generated by org.testng.reporters.JUnitXMLReporter -->
<testsuite ignored="0" hostname="DESKTOP-BH6LQCD" failures="2" tests="2" name="Test with edge" time="27.986" errors="0" timestamp="2024-11-02T01:06:56 IST">
  <testcase classname="testCases.OrangeHRMTestCase" name="LoginToHRM" time="5.402">
    <failure type="java.lang.AssertionError" message="expected [https://opensource-demo.orangehrmlive.com/web/index.php/auth/login] but found [https://opensource-demo.orangehrmlive.com/web/index.php/dashboard/index]">
      <![CDATA[java.lang.AssertionError: expected [https://opensource-demo.orangehrmlive.com/web/index.php/auth/login] but found [https://opensource-demo.orangehrmlive.com/web/index.php/dashboard/index]
at testCases.OrangeHRMTestCase.LoginToHRM(OrangeHRMTestCase.java:26)
at java.base/java.util.ArrayList.forEach(ArrayList.java:1596)
at java.base/java.util.concurrent.FutureTask.run(FutureTask.java:317)
at java.base/java.util.concurrent.ThreadPoolExecutor.runWorker(ThreadPoolExecutor.java:1144)
at java.base/java.util.concurrent.ThreadPoolExecutor$Worker.run(ThreadPoolExecutor.java:642)
at java.base/java.lang.Thread.run(Thread.java:1583)
... Removed 22 stack frames]]>
    </failure>
  </testcase> <!-- LoginToHRM -->
  <testcase classname="testCases.OrangeHRMTestCase" name="AddEmp" time="5.13">
    <failure type="org.openqa.selenium.NoSuchElementException" message="Unable to locate element: //ul[@class=&amp;apos;oxd-main-menu&amp;apos;]/li[2]//a/span
For documentation on this error, please visit: https://www.selenium.dev/documentation/webdriver/troubleshooting/errors#no-such-element-exception
Build info: version: &amp;apos;4.23.0&amp;apos;, revision: &amp;apos;4df0a231af&amp;apos;
System info: os.name: &amp;apos;Windows 10&amp;apos;, os.arch: &amp;apos;amd64&amp;apos;, os.version: &amp;apos;10.0&amp;apos;, java.version: &amp;apos;21.0.5&amp;apos;
Driver info: org.openqa.selenium.remote.RemoteWebDriver
Command: [4f8122d4-66d6-4a5d-a2d0-11ade919f98e, findElement {using=xpath, value=//ul[@class=&amp;apos;oxd-main-menu&amp;apos;]/li[2]//a/span}]
Capabilities {acceptInsecureCerts: false, browserName: firefox, browserVersion: 132.0, moz:accessibilityChecks: false, moz:buildID: 20241021175835, moz:geckodriverVersion: 0.35.0, moz:headless: false, moz:platformVersion: 10.0, moz:processID: 6824, moz:profile: C:\Users\Vimlesh\AppData\Lo..., moz:shutdownTimeout: 60000, moz:webdriverClick: true, moz:windowless: false, pageLoadStrategy: normal, platformName: Windows 10, proxy: Proxy(), se:bidiEnabled: false, se:cdp: ws://127.0.0.1:4444/session..., setWindowRect: true, strictFileInteractability: false, timeouts: {implicit: 0, pageLoad: 300000, script: 30000}, unhandledPromptBehavior: dismiss and notify, userAgent: Mozilla/5.0 (Windows NT 10....}
Session ID: 4f8122d4-66d6-4a5d-a2d0-11ade919f98e">
      <![CDATA[org.openqa.selenium.NoSuchElementException: Unable to locate element: //ul[@class='oxd-main-menu']/li[2]//a/span
For documentation on this error, please visit: https://www.selenium.dev/documentation/webdriver/troubleshooting/errors#no-such-element-exception
Build info: version: '4.23.0', revision: '4df0a231af'
System info: os.name: 'Windows 10', os.arch: 'amd64', os.version: '10.0', java.version: '21.0.5'
Driver info: org.openqa.selenium.remote.RemoteWebDriver
Command: [4f8122d4-66d6-4a5d-a2d0-11ade919f98e, findElement {using=xpath, value=//ul[@class='oxd-main-menu']/li[2]//a/span}]
Capabilities {acceptInsecureCerts: false, browserName: firefox, browserVersion: 132.0, moz:accessibilityChecks: false, moz:buildID: 20241021175835, moz:geckodriverVersion: 0.35.0, moz:headless: false, moz:platformVersion: 10.0, moz:processID: 6824, moz:profile: C:\Users\Vimlesh\AppData\Lo..., moz:shutdownTimeout: 60000, moz:webdriverClick: true, moz:windowless: false, pageLoadStrategy: normal, platformName: Windows 10, proxy: Proxy(), se:bidiEnabled: false, se:cdp: ws://127.0.0.1:4444/session..., setWindowRect: true, strictFileInteractability: false, timeouts: {implicit: 0, pageLoad: 300000, script: 30000}, unhandledPromptBehavior: dismiss and notify, userAgent: Mozilla/5.0 (Windows NT 10....}
Session ID: 4f8122d4-66d6-4a5d-a2d0-11ade919f98e
at org.openqa.selenium.remote.ErrorCodec.decode(ErrorCodec.java:167)
at org.openqa.selenium.remote.codec.w3c.W3CHttpResponseCodec.decode(W3CHttpResponseCodec.java:138)
at org.openqa.selenium.remote.codec.w3c.W3CHttpResponseCodec.decode(W3CHttpResponseCodec.java:50)
at org.openqa.selenium.remote.HttpCommandExecutor.execute(HttpCommandExecutor.java:190)
at org.openqa.selenium.remote.TracedCommandExecutor.execute(TracedCommandExecutor.java:53)
at org.openqa.selenium.remote.RemoteWebDriver.execute(RemoteWebDriver.java:527)
at org.openqa.selenium.remote.ElementLocation$ElementFinder$2.findElement(ElementLocation.java:165)
at org.openqa.selenium.remote.ElementLocation.findElement(ElementLocation.java:59)
at org.openqa.selenium.remote.RemoteWebDriver.findElement(RemoteWebDriver.java:357)
at org.openqa.selenium.remote.RemoteWebDriver.findElement(RemoteWebDriver.java:351)
at pages.PIM.GotoPIM(PIM.java:25)
at testCases.OrangeHRMTestCase.AddEmp(OrangeHRMTestCase.java:36)
at java.base/java.util.ArrayList.forEach(ArrayList.java:1596)
at java.base/java.util.concurrent.FutureTask.run(FutureTask.java:317)
at java.base/java.util.concurrent.ThreadPoolExecutor.runWorker(ThreadPoolExecutor.java:1144)
at java.base/java.util.concurrent.ThreadPoolExecutor$Worker.run(ThreadPoolExecutor.java:642)
at java.base/java.lang.Thread.run(Thread.java:1583)
... Removed 19 stack frames]]>
    </failure>
  </testcase> <!-- AddEmp -->
</testsuite> <!-- Test with edge -->
