<?xml version="1.0" encoding="UTF-8"?>
<!-- Generated by org.testng.reporters.JUnitReportReporter -->
<testsuite hostname="DESKTOP-BH6LQCD" failures="0" tests="1" name="testcase.Chrome" time="22.707" errors="1" timestamp="2024-10-28T14:30:26 IST" skipped="0">
  <testcase classname="testcase.Chrome" name="OpenYoutube" time="22.707">
    <error message="{&quot;value&quot;:{&quot;error&quot;:&quot;unknown method&quot;,&quot;message&quot;:&quot;Method is not implemented&quot;,&quot;stacktrace&quot;:&quot;NotImplementedError: Method is not implemented\n    at AndroidUiautomator2Driver.execute (C:\\Users\\Vimlesh\\.appium\\node_modules\\appium-uiautomator2-driver\\node_modules\\appium-android-driver\\lib\\commands\\execute.js:121:11)\n    at runCommandPromise (C:\\Users\\Vimlesh\\AppData\\Roaming\\npm\\node_modules\\appium\\node_modules\\@appium\\base-driver\\lib\\basedriver\\driver.ts:115:20)\n    at C:\\Users\\Vimlesh\\AppData\\Roaming\\npm\\node_modules\\appium\\node_modules\\async-lock\\lib\\index.js:171:12\n    at AsyncLock._promiseTry (C:\\Users\\Vimlesh\\AppData\\Roaming\\npm\\node_modules\\appium\\node_modules\\async-lock\\lib\\index.js:306:31)\n    at exec (C:\\Users\\Vimlesh\\AppData\\Roaming\\npm\\node_modules\\appium\\node_modules\\async-lock\\lib\\index.js:170:9)\n    at AsyncLock.acquire (C:\\Users\\Vimlesh\\AppData\\Roaming\\npm\\node_modules\\appium\\node_modules\\async-lock\\lib\\index.js:189:3)\n    at AndroidUiautomator2Driver.executeCommand (C:\\Users\\Vimlesh\\AppData\\Roaming\\npm\\node_modules\\appium\\node_modules\\@appium\\base-driver\\lib\\basedriver\\driver.ts:159:39)\n    at processTicksAndRejections (node:internal/process/task_queues:95:5)\n    at defaultBehavior (C:\\Users\\Vimlesh\\AppData\\Roaming\\npm\\node_modules\\appium\\lib\\appium.js:1135:14)\n    at AppiumDriver.executeWrappedCommand (C:\\Users\\Vimlesh\\AppData\\Roaming\\npm\\node_modules\\appium\\lib\\appium.js:1241:16)\n    at AppiumDriver.executeCommand (C:\\Users\\Vimlesh\\AppData\\Roaming\\npm\\node_modules\\appium\\lib\\appium.js:1147:17)\n    at asyncHandler (C:\\Users\\Vimlesh\\AppData\\Roaming\\npm\\node_modules\\appium\\node_modules\\@appium\\base-driver\\lib\\protocol\\protocol.js:387:19)&quot;}}
Command duration or timeout: 44 milliseconds
Build info: version: &#039;4.25.0&#039;, revision: &#039;8a8aea2337&#039;
System info: os.name: &#039;Windows 10&#039;, os.arch: &#039;amd64&#039;, os.version: &#039;10.0&#039;, java.version: &#039;21.0.5&#039;
Driver info: io.appium.java_client.android.AndroidDriver
Command: [8bb5f54e-ccaf-4b2a-97a7-1bb27336dbfe, executeScript {args=[com.vivo.calculator.Calculator], script=com.vivo.calculator}]
Capabilities {appium:appActivity: com.google.android.apps.chr..., appium:appPackage: com.android.chrome, appium:automationName: uiautomator2, appium:databaseEnabled: false, appium:desired: {appActivity: com.google.android.apps.chr..., appPackage: com.android.chrome, automationName: uiautomator2, platformName: ANDROID, resetKeyboard: true, udid: 137547384200071, unicodeKeyboard: true}, appium:deviceApiLevel: 34, appium:deviceManufacturer: vivo, appium:deviceModel: V2141, appium:deviceName: 137547384200071, appium:deviceScreenDensity: 440, appium:deviceScreenSize: 1080x2408, appium:deviceUDID: 137547384200071, appium:javascriptEnabled: true, appium:locationContextEnabled: false, appium:networkConnectionEnabled: true, appium:pixelRatio: 2.75, appium:platformVersion: 14, appium:resetKeyboard: true, appium:statBarHeight: 88, appium:takesScreenshot: true, appium:udid: 137547384200071, appium:unicodeKeyboard: true, appium:viewportRect: {height: 2320, left: 0, top: 88, width: 1080}, appium:warnings: {}, appium:webStorageEnabled: false, platformName: ANDROID}
Session ID: 8bb5f54e-ccaf-4b2a-97a7-1bb27336dbfe" type="org.openqa.selenium.UnsupportedCommandException">
      <![CDATA[org.openqa.selenium.UnsupportedCommandException: {"value":{"error":"unknown method","message":"Method is not implemented","stacktrace":"NotImplementedError: Method is not implemented\n    at AndroidUiautomator2Driver.execute (C:\\Users\\Vimlesh\\.appium\\node_modules\\appium-uiautomator2-driver\\node_modules\\appium-android-driver\\lib\\commands\\execute.js:121:11)\n    at runCommandPromise (C:\\Users\\Vimlesh\\AppData\\Roaming\\npm\\node_modules\\appium\\node_modules\\@appium\\base-driver\\lib\\basedriver\\driver.ts:115:20)\n    at C:\\Users\\Vimlesh\\AppData\\Roaming\\npm\\node_modules\\appium\\node_modules\\async-lock\\lib\\index.js:171:12\n    at AsyncLock._promiseTry (C:\\Users\\Vimlesh\\AppData\\Roaming\\npm\\node_modules\\appium\\node_modules\\async-lock\\lib\\index.js:306:31)\n    at exec (C:\\Users\\Vimlesh\\AppData\\Roaming\\npm\\node_modules\\appium\\node_modules\\async-lock\\lib\\index.js:170:9)\n    at AsyncLock.acquire (C:\\Users\\Vimlesh\\AppData\\Roaming\\npm\\node_modules\\appium\\node_modules\\async-lock\\lib\\index.js:189:3)\n    at AndroidUiautomator2Driver.executeCommand (C:\\Users\\Vimlesh\\AppData\\Roaming\\npm\\node_modules\\appium\\node_modules\\@appium\\base-driver\\lib\\basedriver\\driver.ts:159:39)\n    at processTicksAndRejections (node:internal/process/task_queues:95:5)\n    at defaultBehavior (C:\\Users\\Vimlesh\\AppData\\Roaming\\npm\\node_modules\\appium\\lib\\appium.js:1135:14)\n    at AppiumDriver.executeWrappedCommand (C:\\Users\\Vimlesh\\AppData\\Roaming\\npm\\node_modules\\appium\\lib\\appium.js:1241:16)\n    at AppiumDriver.executeCommand (C:\\Users\\Vimlesh\\AppData\\Roaming\\npm\\node_modules\\appium\\lib\\appium.js:1147:17)\n    at asyncHandler (C:\\Users\\Vimlesh\\AppData\\Roaming\\npm\\node_modules\\appium\\node_modules\\@appium\\base-driver\\lib\\protocol\\protocol.js:387:19)"}}
Command duration or timeout: 44 milliseconds
Build info: version: '4.25.0', revision: '8a8aea2337'
System info: os.name: 'Windows 10', os.arch: 'amd64', os.version: '10.0', java.version: '21.0.5'
Driver info: io.appium.java_client.android.AndroidDriver
Command: [8bb5f54e-ccaf-4b2a-97a7-1bb27336dbfe, executeScript {args=[com.vivo.calculator.Calculator], script=com.vivo.calculator}]
Capabilities {appium:appActivity: com.google.android.apps.chr..., appium:appPackage: com.android.chrome, appium:automationName: uiautomator2, appium:databaseEnabled: false, appium:desired: {appActivity: com.google.android.apps.chr..., appPackage: com.android.chrome, automationName: uiautomator2, platformName: ANDROID, resetKeyboard: true, udid: 137547384200071, unicodeKeyboard: true}, appium:deviceApiLevel: 34, appium:deviceManufacturer: vivo, appium:deviceModel: V2141, appium:deviceName: 137547384200071, appium:deviceScreenDensity: 440, appium:deviceScreenSize: 1080x2408, appium:deviceUDID: 137547384200071, appium:javascriptEnabled: true, appium:locationContextEnabled: false, appium:networkConnectionEnabled: true, appium:pixelRatio: 2.75, appium:platformVersion: 14, appium:resetKeyboard: true, appium:statBarHeight: 88, appium:takesScreenshot: true, appium:udid: 137547384200071, appium:unicodeKeyboard: true, appium:viewportRect: {height: 2320, left: 0, top: 88, width: 1080}, appium:warnings: {}, appium:webStorageEnabled: false, platformName: ANDROID}
Session ID: 8bb5f54e-ccaf-4b2a-97a7-1bb27336dbfe
at java.base/jdk.internal.reflect.DirectConstructorHandleAccessor.newInstance(DirectConstructorHandleAccessor.java:62)
at java.base/java.lang.reflect.Constructor.newInstanceWithCaller(Constructor.java:502)
at java.base/java.lang.reflect.Constructor.newInstance(Constructor.java:486)
at org.openqa.selenium.remote.ErrorHandler.createThrowable(ErrorHandler.java:221)
at org.openqa.selenium.remote.ErrorHandler.throwIfResponseFailed(ErrorHandler.java:170)
at org.openqa.selenium.remote.RemoteWebDriver.execute(RemoteWebDriver.java:598)
at org.openqa.selenium.remote.RemoteWebDriver.executeScript(RemoteWebDriver.java:476)
at testcase.Chrome.OpenYoutube(Chrome.java:52)
at java.base/jdk.internal.reflect.DirectMethodHandleAccessor.invoke(DirectMethodHandleAccessor.java:103)
at java.base/java.lang.reflect.Method.invoke(Method.java:580)
at org.testng.internal.MethodInvocationHelper.invokeMethod(MethodInvocationHelper.java:133)
at org.testng.internal.TestInvoker.invokeMethod(TestInvoker.java:598)
at org.testng.internal.TestInvoker.invokeTestMethod(TestInvoker.java:173)
at org.testng.internal.MethodRunner.runInSequence(MethodRunner.java:46)
at org.testng.internal.TestInvoker$MethodInvocationAgent.invoke(TestInvoker.java:824)
at org.testng.internal.TestInvoker.invokeTestMethods(TestInvoker.java:146)
at org.testng.internal.TestMethodWorker.invokeTestMethods(TestMethodWorker.java:146)
at org.testng.internal.TestMethodWorker.run(TestMethodWorker.java:128)
at java.base/java.util.ArrayList.forEach(ArrayList.java:1596)
at org.testng.TestRunner.privateRun(TestRunner.java:794)
at org.testng.TestRunner.run(TestRunner.java:596)
at org.testng.SuiteRunner.runTest(SuiteRunner.java:377)
at org.testng.SuiteRunner.runSequentially(SuiteRunner.java:371)
at org.testng.SuiteRunner.privateRun(SuiteRunner.java:332)
at org.testng.SuiteRunner.run(SuiteRunner.java:276)
at org.testng.SuiteRunnerWorker.runSuite(SuiteRunnerWorker.java:53)
at org.testng.SuiteRunnerWorker.run(SuiteRunnerWorker.java:96)
at org.testng.TestNG.runSuitesSequentially(TestNG.java:1212)
at org.testng.TestNG.runSuitesLocally(TestNG.java:1134)
at org.testng.TestNG.runSuites(TestNG.java:1063)
at org.testng.TestNG.run(TestNG.java:1031)
at org.testng.remote.AbstractRemoteTestNG.run(AbstractRemoteTestNG.java:115)
at org.testng.remote.RemoteTestNG.initAndRun(RemoteTestNG.java:293)
at org.testng.remote.RemoteTestNG.main(RemoteTestNG.java:91)
]]>
    </error>
  </testcase> <!-- OpenYoutube -->
  <system-out/>
</testsuite> <!-- testcase.Chrome -->
